<?xml version="1.0" encoding="UTF-8"?>
<!-- Generated by org.testng.reporters.JUnitReportReporter -->
<testsuite hostname="INLEN8520060837" failures="0" tests="2" name="Runner.TestRunnerPlugins" time="9.677" errors="0" timestamp="2023-08-30T09:33:13 IST" skipped="0">
  <testcase classname="Runner.TestRunnerPlugins" name="runScenario" time="3.684"/>
  <testcase classname="Runner.TestRunnerPlugins" name="runScenario" time="5.993"/>
</testsuite> <!-- Runner.TestRunnerPlugins -->
